capacitor-camera-barcode/android/build/intermediates/manifest_merge_blame_file/debug/processDebugManifest/manifest-merger-blame-debug-report.txt
1<?xml version="1.0" encoding="utf-8"?>
2<manifest xmlns:android="http://schemas.android.com/apk/res/android"
3    package="com.example.camerabarcode" >
4
5    <uses-sdk android:minSdkVersion="23" />
6
7    <uses-permission android:name="android.permission.CAMERA" />
7-->src\main\AndroidManifest.xml:3:3-62
7-->src\main\AndroidManifest.xml:3:20-60
8    <uses-permission android:name="android.permission.RECORD_AUDIO" />
8-->src\main\AndroidManifest.xml:4:3-68
8-->src\main\AndroidManifest.xml:4:20-66
9    <uses-permission android:name="android.permission.READ_MEDIA_VIDEO" />
9-->src\main\AndroidManifest.xml:5:3-72
9-->src\main\AndroidManifest.xml:5:20-70
10    <!-- legacy for older devices -->
11    <uses-permission
11-->src\main\AndroidManifest.xml:7:3-104
12        android:name="android.permission.READ_EXTERNAL_STORAGE"
12-->src\main\AndroidManifest.xml:7:20-75
13        android:maxSdkVersion="32" />
13-->src\main\AndroidManifest.xml:7:76-102
14    <uses-permission
14-->src\main\AndroidManifest.xml:8:3-105
15        android:name="android.permission.WRITE_EXTERNAL_STORAGE"
15-->src\main\AndroidManifest.xml:8:20-76
16        android:maxSdkVersion="29" />
16-->src\main\AndroidManifest.xml:8:77-103
17
18    <application />
18-->src\main\AndroidManifest.xml:2:3-18
19
20</manifest>